<?xml version="1.0" encoding="UTF-8"?>
<!-- Generated by org.testng.reporters.JUnitXMLReporter -->
<testsuite hostname="LAPTOP-IJEB1SRB" name="Default test" tests="31" failures="0" timestamp="29 Jan 2018 09:45:17 GMT" time="43.931" errors="0">
  <testcase name="brandType" time="11.49" classname="com.groupid.firstmavenproject.CCMApiTest"/>
  <testcase name="getcountry" time="0.995" classname="com.groupid.firstmavenproject.CCMApiTest"/>
  <testcase name="categoryType" time="1.064" classname="com.groupid.firstmavenproject.CCMApiTest"/>
  <testcase name="submitFeedback" time="1.062" classname="com.groupid.firstmavenproject.CCMApiTest"/>
  <testcase name="registerUser" time="0.976" classname="com.groupid.firstmavenproject.CCMApiTest"/>
  <testcase name="ccmLogin" time="1.821" classname="com.groupid.firstmavenproject.CCMApiTest"/>
  <testcase name="myRewards" time="1.016" classname="com.groupid.firstmavenproject.CCMApiTest"/>
  <testcase name="updatedevicedetails" time="0.912" classname="com.groupid.firstmavenproject.CCMApiTest"/>
  <testcase name="forgotpassword" time="0.936" classname="com.groupid.firstmavenproject.CCMApiTest"/>
  <testcase name="myprofile" time="0.964" classname="com.groupid.firstmavenproject.CCMApiTest"/>
  <testcase name="updateprofile" time="1.011" classname="com.groupid.firstmavenproject.CCMApiTest"/>
  <testcase name="changepassword" time="1.111" classname="com.groupid.firstmavenproject.CCMApiTest"/>
  <testcase name="sendverificationlink" time="0.959" classname="com.groupid.firstmavenproject.CCMApiTest"/>
  <testcase name="productlist" time="1.049" classname="com.groupid.firstmavenproject.CCMApiTest"/>
  <testcase name="productimage" time="1.107" classname="com.groupid.firstmavenproject.CCMApiTest"/>
  <testcase name="basicpages" time="1.311" classname="com.groupid.firstmavenproject.CCMApiTest"/>
  <testcase name="getfeedbacktype" time="1.063" classname="com.groupid.firstmavenproject.CCMApiTest"/>
  <testcase name="giftdetail" time="0.937" classname="com.groupid.firstmavenproject.CCMApiTest"/>
  <testcase name="mypoints" time="0.971" classname="com.groupid.firstmavenproject.CCMApiTest"/>
  <testcase name="mygifts" time="0.906" classname="com.groupid.firstmavenproject.CCMApiTest"/>
  <testcase name="advertisementsdetail" time="0.941" classname="com.groupid.firstmavenproject.CCMApiTest"/>
  <testcase name="advertisementsdelete" time="0.96" classname="com.groupid.firstmavenproject.CCMApiTest"/>
  <testcase name="promotionlist" time="0.977" classname="com.groupid.firstmavenproject.CCMApiTest"/>
  <testcase name="promotionproductlist" time="1.002" classname="com.groupid.firstmavenproject.CCMApiTest"/>
  <testcase name="userpoint" time="1.006" classname="com.groupid.firstmavenproject.CCMApiTest"/>
  <testcase name="usergiftlist" time="0.984" classname="com.groupid.firstmavenproject.CCMApiTest"/>
  <testcase name="productstore" time="1.521" classname="com.groupid.firstmavenproject.CCMApiTest"/>
  <testcase name="advertisementgetproduct" time="1.033" classname="com.groupid.firstmavenproject.CCMApiTest"/>
  <testcase name="randomadvertisement" time="0.989" classname="com.groupid.firstmavenproject.CCMApiTest"/>
  <testcase name="advertisementlist" time="0.981" classname="com.groupid.firstmavenproject.CCMApiTest"/>
  <testcase name="logOut" time="0.966" classname="com.groupid.firstmavenproject.CCMApiTest"/>
</testsuite> <!-- Default test -->
