<?xml version="1.0" encoding="UTF-8"?>
<testng-results skipped="0" failed="0" total="31" passed="31">
  <reporter-output>
  </reporter-output>
  <suite name="Default suite" duration-ms="43931" started-at="2018-01-29T09:44:33Z" finished-at="2018-01-29T09:45:16Z">
    <groups>
    </groups>
    <test name="Default test" duration-ms="43931" started-at="2018-01-29T09:44:33Z" finished-at="2018-01-29T09:45:16Z">
      <class name="com.groupid.firstmavenproject.CCMApiTest">
        <test-method status="PASS" signature="baseUrl()[pri:0, instance:com.groupid.firstmavenproject.CCMApiTest@42d80b78]" name="baseUrl" is-config="true" duration-ms="844" started-at="2018-01-29T15:14:33Z" finished-at="2018-01-29T15:14:33Z">
          <reporter-output>
          </reporter-output>
        </test-method> <!-- baseUrl -->
        <test-method status="PASS" signature="brandType()[pri:0, instance:com.groupid.firstmavenproject.CCMApiTest@42d80b78]" name="brandType" duration-ms="11490" started-at="2018-01-29T15:14:33Z" finished-at="2018-01-29T15:14:45Z">
          <reporter-output>
          </reporter-output>
        </test-method> <!-- brandType -->
        <test-method status="PASS" signature="baseUrl()[pri:0, instance:com.groupid.firstmavenproject.CCMApiTest@42d80b78]" name="baseUrl" is-config="true" duration-ms="1" started-at="2018-01-29T15:14:45Z" finished-at="2018-01-29T15:14:45Z">
          <reporter-output>
          </reporter-output>
        </test-method> <!-- baseUrl -->
        <test-method status="PASS" signature="getcountry()[pri:0, instance:com.groupid.firstmavenproject.CCMApiTest@42d80b78]" name="getcountry" duration-ms="995" started-at="2018-01-29T15:14:45Z" finished-at="2018-01-29T15:14:46Z">
          <reporter-output>
          </reporter-output>
        </test-method> <!-- getcountry -->
        <test-method status="PASS" signature="categoryType()[pri:0, instance:com.groupid.firstmavenproject.CCMApiTest@42d80b78]" name="categoryType" duration-ms="1064" started-at="2018-01-29T15:14:46Z" finished-at="2018-01-29T15:14:47Z">
          <reporter-output>
          </reporter-output>
        </test-method> <!-- categoryType -->
        <test-method status="PASS" signature="baseUrl()[pri:0, instance:com.groupid.firstmavenproject.CCMApiTest@42d80b78]" name="baseUrl" is-config="true" duration-ms="0" started-at="2018-01-29T15:14:46Z" finished-at="2018-01-29T15:14:46Z">
          <reporter-output>
          </reporter-output>
        </test-method> <!-- baseUrl -->
        <test-method status="PASS" signature="baseUrl()[pri:0, instance:com.groupid.firstmavenproject.CCMApiTest@42d80b78]" name="baseUrl" is-config="true" duration-ms="3" started-at="2018-01-29T15:14:47Z" finished-at="2018-01-29T15:14:47Z">
          <reporter-output>
          </reporter-output>
        </test-method> <!-- baseUrl -->
        <test-method status="PASS" signature="submitFeedback()[pri:0, instance:com.groupid.firstmavenproject.CCMApiTest@42d80b78]" name="submitFeedback" duration-ms="1062" started-at="2018-01-29T15:14:47Z" finished-at="2018-01-29T15:14:48Z">
          <reporter-output>
          </reporter-output>
        </test-method> <!-- submitFeedback -->
        <test-method status="PASS" signature="registerUser()[pri:0, instance:com.groupid.firstmavenproject.CCMApiTest@42d80b78]" name="registerUser" duration-ms="976" started-at="2018-01-29T15:14:48Z" finished-at="2018-01-29T15:14:49Z">
          <reporter-output>
          </reporter-output>
        </test-method> <!-- registerUser -->
        <test-method status="PASS" signature="baseUrl()[pri:0, instance:com.groupid.firstmavenproject.CCMApiTest@42d80b78]" name="baseUrl" is-config="true" duration-ms="0" started-at="2018-01-29T15:14:48Z" finished-at="2018-01-29T15:14:48Z">
          <reporter-output>
          </reporter-output>
        </test-method> <!-- baseUrl -->
        <test-method status="PASS" signature="baseUrl()[pri:0, instance:com.groupid.firstmavenproject.CCMApiTest@42d80b78]" name="baseUrl" is-config="true" duration-ms="0" started-at="2018-01-29T15:14:49Z" finished-at="2018-01-29T15:14:49Z">
          <reporter-output>
          </reporter-output>
        </test-method> <!-- baseUrl -->
        <test-method status="PASS" signature="ccmLogin()[pri:0, instance:com.groupid.firstmavenproject.CCMApiTest@42d80b78]" name="ccmLogin" duration-ms="1821" started-at="2018-01-29T15:14:49Z" finished-at="2018-01-29T15:14:51Z">
          <reporter-output>
          </reporter-output>
        </test-method> <!-- ccmLogin -->
        <test-method status="PASS" signature="baseUrl()[pri:0, instance:com.groupid.firstmavenproject.CCMApiTest@42d80b78]" name="baseUrl" is-config="true" duration-ms="1" started-at="2018-01-29T15:14:51Z" finished-at="2018-01-29T15:14:51Z">
          <reporter-output>
          </reporter-output>
        </test-method> <!-- baseUrl -->
        <test-method status="PASS" signature="myRewards()[pri:0, instance:com.groupid.firstmavenproject.CCMApiTest@42d80b78]" name="myRewards" duration-ms="1016" started-at="2018-01-29T15:14:51Z" finished-at="2018-01-29T15:14:52Z">
          <reporter-output>
          </reporter-output>
        </test-method> <!-- myRewards -->
        <test-method status="PASS" signature="baseUrl()[pri:0, instance:com.groupid.firstmavenproject.CCMApiTest@42d80b78]" name="baseUrl" is-config="true" duration-ms="0" started-at="2018-01-29T15:14:52Z" finished-at="2018-01-29T15:14:52Z">
          <reporter-output>
          </reporter-output>
        </test-method> <!-- baseUrl -->
        <test-method status="PASS" signature="updatedevicedetails()[pri:0, instance:com.groupid.firstmavenproject.CCMApiTest@42d80b78]" name="updatedevicedetails" duration-ms="912" started-at="2018-01-29T15:14:52Z" finished-at="2018-01-29T15:14:53Z">
          <reporter-output>
          </reporter-output>
        </test-method> <!-- updatedevicedetails -->
        <test-method status="PASS" signature="forgotpassword()[pri:0, instance:com.groupid.firstmavenproject.CCMApiTest@42d80b78]" name="forgotpassword" duration-ms="936" started-at="2018-01-29T15:14:53Z" finished-at="2018-01-29T15:14:54Z">
          <reporter-output>
          </reporter-output>
        </test-method> <!-- forgotpassword -->
        <test-method status="PASS" signature="baseUrl()[pri:0, instance:com.groupid.firstmavenproject.CCMApiTest@42d80b78]" name="baseUrl" is-config="true" duration-ms="0" started-at="2018-01-29T15:14:53Z" finished-at="2018-01-29T15:14:53Z">
          <reporter-output>
          </reporter-output>
        </test-method> <!-- baseUrl -->
        <test-method status="PASS" signature="myprofile()[pri:0, instance:com.groupid.firstmavenproject.CCMApiTest@42d80b78]" name="myprofile" duration-ms="964" started-at="2018-01-29T15:14:54Z" finished-at="2018-01-29T15:14:55Z">
          <reporter-output>
          </reporter-output>
        </test-method> <!-- myprofile -->
        <test-method status="PASS" signature="baseUrl()[pri:0, instance:com.groupid.firstmavenproject.CCMApiTest@42d80b78]" name="baseUrl" is-config="true" duration-ms="0" started-at="2018-01-29T15:14:54Z" finished-at="2018-01-29T15:14:54Z">
          <reporter-output>
          </reporter-output>
        </test-method> <!-- baseUrl -->
        <test-method status="PASS" signature="updateprofile()[pri:0, instance:com.groupid.firstmavenproject.CCMApiTest@42d80b78]" name="updateprofile" duration-ms="1011" started-at="2018-01-29T15:14:55Z" finished-at="2018-01-29T15:14:56Z">
          <reporter-output>
          </reporter-output>
        </test-method> <!-- updateprofile -->
        <test-method status="PASS" signature="baseUrl()[pri:0, instance:com.groupid.firstmavenproject.CCMApiTest@42d80b78]" name="baseUrl" is-config="true" duration-ms="0" started-at="2018-01-29T15:14:55Z" finished-at="2018-01-29T15:14:55Z">
          <reporter-output>
          </reporter-output>
        </test-method> <!-- baseUrl -->
        <test-method status="PASS" signature="baseUrl()[pri:0, instance:com.groupid.firstmavenproject.CCMApiTest@42d80b78]" name="baseUrl" is-config="true" duration-ms="0" started-at="2018-01-29T15:14:56Z" finished-at="2018-01-29T15:14:56Z">
          <reporter-output>
          </reporter-output>
        </test-method> <!-- baseUrl -->
        <test-method status="PASS" signature="changepassword()[pri:0, instance:com.groupid.firstmavenproject.CCMApiTest@42d80b78]" name="changepassword" duration-ms="1111" started-at="2018-01-29T15:14:56Z" finished-at="2018-01-29T15:14:57Z">
          <reporter-output>
          </reporter-output>
        </test-method> <!-- changepassword -->
        <test-method status="PASS" signature="baseUrl()[pri:0, instance:com.groupid.firstmavenproject.CCMApiTest@42d80b78]" name="baseUrl" is-config="true" duration-ms="0" started-at="2018-01-29T15:14:57Z" finished-at="2018-01-29T15:14:57Z">
          <reporter-output>
          </reporter-output>
        </test-method> <!-- baseUrl -->
        <test-method status="PASS" signature="sendverificationlink()[pri:0, instance:com.groupid.firstmavenproject.CCMApiTest@42d80b78]" name="sendverificationlink" duration-ms="959" started-at="2018-01-29T15:14:57Z" finished-at="2018-01-29T15:14:58Z">
          <reporter-output>
          </reporter-output>
        </test-method> <!-- sendverificationlink -->
        <test-method status="PASS" signature="baseUrl()[pri:0, instance:com.groupid.firstmavenproject.CCMApiTest@42d80b78]" name="baseUrl" is-config="true" duration-ms="0" started-at="2018-01-29T15:14:58Z" finished-at="2018-01-29T15:14:58Z">
          <reporter-output>
          </reporter-output>
        </test-method> <!-- baseUrl -->
        <test-method status="PASS" signature="productlist()[pri:0, instance:com.groupid.firstmavenproject.CCMApiTest@42d80b78]" name="productlist" duration-ms="1049" started-at="2018-01-29T15:14:58Z" finished-at="2018-01-29T15:14:59Z">
          <reporter-output>
          </reporter-output>
        </test-method> <!-- productlist -->
        <test-method status="PASS" signature="productimage()[pri:0, instance:com.groupid.firstmavenproject.CCMApiTest@42d80b78]" name="productimage" duration-ms="1107" started-at="2018-01-29T15:14:59Z" finished-at="2018-01-29T15:15:00Z">
          <reporter-output>
          </reporter-output>
        </test-method> <!-- productimage -->
        <test-method status="PASS" signature="baseUrl()[pri:0, instance:com.groupid.firstmavenproject.CCMApiTest@42d80b78]" name="baseUrl" is-config="true" duration-ms="0" started-at="2018-01-29T15:14:59Z" finished-at="2018-01-29T15:14:59Z">
          <reporter-output>
          </reporter-output>
        </test-method> <!-- baseUrl -->
        <test-method status="PASS" signature="baseUrl()[pri:0, instance:com.groupid.firstmavenproject.CCMApiTest@42d80b78]" name="baseUrl" is-config="true" duration-ms="1" started-at="2018-01-29T15:15:00Z" finished-at="2018-01-29T15:15:00Z">
          <reporter-output>
          </reporter-output>
        </test-method> <!-- baseUrl -->
        <test-method status="PASS" signature="basicpages()[pri:0, instance:com.groupid.firstmavenproject.CCMApiTest@42d80b78]" name="basicpages" duration-ms="1311" started-at="2018-01-29T15:15:00Z" finished-at="2018-01-29T15:15:01Z">
          <reporter-output>
          </reporter-output>
        </test-method> <!-- basicpages -->
        <test-method status="PASS" signature="getfeedbacktype()[pri:0, instance:com.groupid.firstmavenproject.CCMApiTest@42d80b78]" name="getfeedbacktype" duration-ms="1063" started-at="2018-01-29T15:15:01Z" finished-at="2018-01-29T15:15:02Z">
          <reporter-output>
          </reporter-output>
        </test-method> <!-- getfeedbacktype -->
        <test-method status="PASS" signature="baseUrl()[pri:0, instance:com.groupid.firstmavenproject.CCMApiTest@42d80b78]" name="baseUrl" is-config="true" duration-ms="0" started-at="2018-01-29T15:15:01Z" finished-at="2018-01-29T15:15:01Z">
          <reporter-output>
          </reporter-output>
        </test-method> <!-- baseUrl -->
        <test-method status="PASS" signature="giftdetail()[pri:0, instance:com.groupid.firstmavenproject.CCMApiTest@42d80b78]" name="giftdetail" duration-ms="937" started-at="2018-01-29T15:15:02Z" finished-at="2018-01-29T15:15:03Z">
          <reporter-output>
          </reporter-output>
        </test-method> <!-- giftdetail -->
        <test-method status="PASS" signature="baseUrl()[pri:0, instance:com.groupid.firstmavenproject.CCMApiTest@42d80b78]" name="baseUrl" is-config="true" duration-ms="0" started-at="2018-01-29T15:15:02Z" finished-at="2018-01-29T15:15:02Z">
          <reporter-output>
          </reporter-output>
        </test-method> <!-- baseUrl -->
        <test-method status="PASS" signature="baseUrl()[pri:0, instance:com.groupid.firstmavenproject.CCMApiTest@42d80b78]" name="baseUrl" is-config="true" duration-ms="0" started-at="2018-01-29T15:15:03Z" finished-at="2018-01-29T15:15:03Z">
          <reporter-output>
          </reporter-output>
        </test-method> <!-- baseUrl -->
        <test-method status="PASS" signature="mypoints()[pri:0, instance:com.groupid.firstmavenproject.CCMApiTest@42d80b78]" name="mypoints" duration-ms="971" started-at="2018-01-29T15:15:03Z" finished-at="2018-01-29T15:15:04Z">
          <reporter-output>
          </reporter-output>
        </test-method> <!-- mypoints -->
        <test-method status="PASS" signature="baseUrl()[pri:0, instance:com.groupid.firstmavenproject.CCMApiTest@42d80b78]" name="baseUrl" is-config="true" duration-ms="0" started-at="2018-01-29T15:15:04Z" finished-at="2018-01-29T15:15:04Z">
          <reporter-output>
          </reporter-output>
        </test-method> <!-- baseUrl -->
        <test-method status="PASS" signature="mygifts()[pri:0, instance:com.groupid.firstmavenproject.CCMApiTest@42d80b78]" name="mygifts" duration-ms="906" started-at="2018-01-29T15:15:04Z" finished-at="2018-01-29T15:15:05Z">
          <reporter-output>
          </reporter-output>
        </test-method> <!-- mygifts -->
        <test-method status="PASS" signature="baseUrl()[pri:0, instance:com.groupid.firstmavenproject.CCMApiTest@42d80b78]" name="baseUrl" is-config="true" duration-ms="0" started-at="2018-01-29T15:15:05Z" finished-at="2018-01-29T15:15:05Z">
          <reporter-output>
          </reporter-output>
        </test-method> <!-- baseUrl -->
        <test-method status="PASS" signature="advertisementsdetail()[pri:0, instance:com.groupid.firstmavenproject.CCMApiTest@42d80b78]" name="advertisementsdetail" duration-ms="941" started-at="2018-01-29T15:15:05Z" finished-at="2018-01-29T15:15:06Z">
          <reporter-output>
          </reporter-output>
        </test-method> <!-- advertisementsdetail -->
        <test-method status="PASS" signature="baseUrl()[pri:0, instance:com.groupid.firstmavenproject.CCMApiTest@42d80b78]" name="baseUrl" is-config="true" duration-ms="0" started-at="2018-01-29T15:15:06Z" finished-at="2018-01-29T15:15:06Z">
          <reporter-output>
          </reporter-output>
        </test-method> <!-- baseUrl -->
        <test-method status="PASS" signature="advertisementsdelete()[pri:0, instance:com.groupid.firstmavenproject.CCMApiTest@42d80b78]" name="advertisementsdelete" duration-ms="960" started-at="2018-01-29T15:15:06Z" finished-at="2018-01-29T15:15:07Z">
          <reporter-output>
          </reporter-output>
        </test-method> <!-- advertisementsdelete -->
        <test-method status="PASS" signature="baseUrl()[pri:0, instance:com.groupid.firstmavenproject.CCMApiTest@42d80b78]" name="baseUrl" is-config="true" duration-ms="0" started-at="2018-01-29T15:15:07Z" finished-at="2018-01-29T15:15:07Z">
          <reporter-output>
          </reporter-output>
        </test-method> <!-- baseUrl -->
        <test-method status="PASS" signature="promotionlist()[pri:0, instance:com.groupid.firstmavenproject.CCMApiTest@42d80b78]" name="promotionlist" duration-ms="977" started-at="2018-01-29T15:15:07Z" finished-at="2018-01-29T15:15:08Z">
          <reporter-output>
          </reporter-output>
        </test-method> <!-- promotionlist -->
        <test-method status="PASS" signature="promotionproductlist()[pri:0, instance:com.groupid.firstmavenproject.CCMApiTest@42d80b78]" name="promotionproductlist" duration-ms="1002" started-at="2018-01-29T15:15:08Z" finished-at="2018-01-29T15:15:09Z">
          <reporter-output>
          </reporter-output>
        </test-method> <!-- promotionproductlist -->
        <test-method status="PASS" signature="baseUrl()[pri:0, instance:com.groupid.firstmavenproject.CCMApiTest@42d80b78]" name="baseUrl" is-config="true" duration-ms="0" started-at="2018-01-29T15:15:08Z" finished-at="2018-01-29T15:15:08Z">
          <reporter-output>
          </reporter-output>
        </test-method> <!-- baseUrl -->
        <test-method status="PASS" signature="userpoint()[pri:0, instance:com.groupid.firstmavenproject.CCMApiTest@42d80b78]" name="userpoint" duration-ms="1006" started-at="2018-01-29T15:15:09Z" finished-at="2018-01-29T15:15:10Z">
          <reporter-output>
          </reporter-output>
        </test-method> <!-- userpoint -->
        <test-method status="PASS" signature="baseUrl()[pri:0, instance:com.groupid.firstmavenproject.CCMApiTest@42d80b78]" name="baseUrl" is-config="true" duration-ms="0" started-at="2018-01-29T15:15:09Z" finished-at="2018-01-29T15:15:09Z">
          <reporter-output>
          </reporter-output>
        </test-method> <!-- baseUrl -->
        <test-method status="PASS" signature="baseUrl()[pri:0, instance:com.groupid.firstmavenproject.CCMApiTest@42d80b78]" name="baseUrl" is-config="true" duration-ms="1" started-at="2018-01-29T15:15:10Z" finished-at="2018-01-29T15:15:10Z">
          <reporter-output>
          </reporter-output>
        </test-method> <!-- baseUrl -->
        <test-method status="PASS" signature="usergiftlist()[pri:0, instance:com.groupid.firstmavenproject.CCMApiTest@42d80b78]" name="usergiftlist" duration-ms="984" started-at="2018-01-29T15:15:10Z" finished-at="2018-01-29T15:15:11Z">
          <reporter-output>
          </reporter-output>
        </test-method> <!-- usergiftlist -->
        <test-method status="PASS" signature="baseUrl()[pri:0, instance:com.groupid.firstmavenproject.CCMApiTest@42d80b78]" name="baseUrl" is-config="true" duration-ms="0" started-at="2018-01-29T15:15:11Z" finished-at="2018-01-29T15:15:11Z">
          <reporter-output>
          </reporter-output>
        </test-method> <!-- baseUrl -->
        <test-method status="PASS" signature="productstore()[pri:0, instance:com.groupid.firstmavenproject.CCMApiTest@42d80b78]" name="productstore" duration-ms="1521" started-at="2018-01-29T15:15:11Z" finished-at="2018-01-29T15:15:13Z">
          <reporter-output>
          </reporter-output>
        </test-method> <!-- productstore -->
        <test-method status="PASS" signature="advertisementgetproduct()[pri:0, instance:com.groupid.firstmavenproject.CCMApiTest@42d80b78]" name="advertisementgetproduct" duration-ms="1033" started-at="2018-01-29T15:15:13Z" finished-at="2018-01-29T15:15:14Z">
          <reporter-output>
          </reporter-output>
        </test-method> <!-- advertisementgetproduct -->
        <test-method status="PASS" signature="baseUrl()[pri:0, instance:com.groupid.firstmavenproject.CCMApiTest@42d80b78]" name="baseUrl" is-config="true" duration-ms="0" started-at="2018-01-29T15:15:13Z" finished-at="2018-01-29T15:15:13Z">
          <reporter-output>
          </reporter-output>
        </test-method> <!-- baseUrl -->
        <test-method status="PASS" signature="randomadvertisement()[pri:0, instance:com.groupid.firstmavenproject.CCMApiTest@42d80b78]" name="randomadvertisement" duration-ms="989" started-at="2018-01-29T15:15:14Z" finished-at="2018-01-29T15:15:15Z">
          <reporter-output>
          </reporter-output>
        </test-method> <!-- randomadvertisement -->
        <test-method status="PASS" signature="baseUrl()[pri:0, instance:com.groupid.firstmavenproject.CCMApiTest@42d80b78]" name="baseUrl" is-config="true" duration-ms="0" started-at="2018-01-29T15:15:14Z" finished-at="2018-01-29T15:15:14Z">
          <reporter-output>
          </reporter-output>
        </test-method> <!-- baseUrl -->
        <test-method status="PASS" signature="baseUrl()[pri:0, instance:com.groupid.firstmavenproject.CCMApiTest@42d80b78]" name="baseUrl" is-config="true" duration-ms="0" started-at="2018-01-29T15:15:15Z" finished-at="2018-01-29T15:15:15Z">
          <reporter-output>
          </reporter-output>
        </test-method> <!-- baseUrl -->
        <test-method status="PASS" signature="advertisementlist()[pri:0, instance:com.groupid.firstmavenproject.CCMApiTest@42d80b78]" name="advertisementlist" duration-ms="981" started-at="2018-01-29T15:15:15Z" finished-at="2018-01-29T15:15:16Z">
          <reporter-output>
          </reporter-output>
        </test-method> <!-- advertisementlist -->
        <test-method status="PASS" signature="logOut()[pri:0, instance:com.groupid.firstmavenproject.CCMApiTest@42d80b78]" name="logOut" duration-ms="966" started-at="2018-01-29T15:15:16Z" finished-at="2018-01-29T15:15:16Z">
          <reporter-output>
          </reporter-output>
        </test-method> <!-- logOut -->
        <test-method status="PASS" signature="baseUrl()[pri:0, instance:com.groupid.firstmavenproject.CCMApiTest@42d80b78]" name="baseUrl" is-config="true" duration-ms="0" started-at="2018-01-29T15:15:16Z" finished-at="2018-01-29T15:15:16Z">
          <reporter-output>
          </reporter-output>
        </test-method> <!-- baseUrl -->
      </class> <!-- com.groupid.firstmavenproject.CCMApiTest -->
    </test> <!-- Default test -->
  </suite> <!-- Default suite -->
</testng-results>
